# JRE version: OpenJDK Runtime Environment Temurin-21.0.10+7 (21.0.10+7) (build 21.0.10+7-LTS)
# Java VM: OpenJDK 64-Bit Server VM Temurin-21.0.10+7 (21.0.10+7-LTS, mixed mode, sharing, tiered, compressed oops, compressed class ptrs, parallel gc, windows-amd64)
GC Precious Log:
 CardTable entry size: 512
 CPUs: 4 total, 4 available
 Memory: 8039M
 Large Page Support: Disabled
 NUMA Support: Disabled
 Compressed Oops: Enabled (32-bit)
 Alignments: Space 512K, Generation 512K, Heap 2M
 Heap Min Capacity: 100M
 Heap Initial Capacity: 100M
 Heap Max Capacity: 2G
 Pre-touch: Disabled
 Parallel Workers: 4
Heap:
 PSYoungGen      total 20992K, used 11140K [0x00000000d5580000, 0x00000000d6f00000, 0x0000000100000000)
  eden space 19456K, 49% used [0x00000000d5580000,0x00000000d5ee77a0,0x00000000d6880000)
  from space 1536K, 98% used [0x00000000d6c00000,0x00000000d6d79920,0x00000000d6d80000)
  to   space 1536K, 0% used [0x00000000d6d80000,0x00000000d6d80000,0x00000000d6f00000)
 ParOldGen       total 71680K, used 60145K [0x0000000080000000, 0x0000000084600000, 0x00000000d5580000)
  object space 71680K, 83% used [0x0000000080000000,0x0000000083abc7a8,0x0000000084600000)
 Metaspace       used 59355K, committed 60608K, reserved 1114112K
  class space    used 6686K, committed 7232K, reserved 1048576K
GC Heap History (20 events):
Event: 128.051 GC heap before
{Heap before GC invocations=31 (full 2):
 PSYoungGen      total 21504K, used 21152K [0x00000000d5580000, 0x00000000d6d80000, 0x0000000100000000)
  eden space 20480K, 100% used [0x00000000d5580000,0x00000000d6980000,0x00000000d6980000)
  from space 1024K, 65% used [0x00000000d6c80000,0x00000000d6d28000,0x00000000d6d80000)
  to   space 1536K, 0% used [0x00000000d6a80000,0x00000000d6a80000,0x00000000d6c00000)
 ParOldGen       total 68608K, used 46654K [0x0000000080000000, 0x0000000084300000, 0x00000000d5580000)
  object space 68608K, 68% used [0x0000000080000000,0x0000000082d8fa00,0x0000000084300000)
 Metaspace       used 55629K, committed 56896K, reserved 1114112K
  class space    used 6095K, committed 6656K, reserved 1048576K
}
Event: 128.055 GC heap after
{Heap after GC invocations=31 (full 2):
 PSYoungGen      total 22016K, used 1133K [0x00000000d5580000, 0x00000000d6d00000, 0x0000000100000000)
  eden space 20480K, 0% used [0x00000000d5580000,0x00000000d5580000,0x00000000d6980000)
  from space 1536K, 73% used [0x00000000d6a80000,0x00000000d6b9b510,0x00000000d6c00000)
  to   space 1024K, 0% used [0x00000000d6c00000,0x00000000d6c00000,0x00000000d6d00000)
 ParOldGen       total 68608K, used 47236K [0x0000000080000000, 0x0000000084300000, 0x00000000d5580000)
  object space 68608K, 68% used [0x0000000080000000,0x0000000082e21140,0x0000000084300000)
 Metaspace       used 55629K, committed 56896K, reserved 1114112K
  class space    used 6095K, committed 6656K, reserved 1048576K
}
Event: 135.770 GC heap before
{Heap before GC invocations=32 (full 2):
 PSYoungGen      total 22016K, used 21613K [0x00000000d5580000, 0x00000000d6d00000, 0x0000000100000000)
  eden space 20480K, 99% used [0x00000000d5580000,0x00000000d697ffe8,0x00000000d6980000)
  from space 1536K, 73% used [0x00000000d6a80000,0x00000000d6b9b510,0x00000000d6c00000)
  to   space 1024K, 0% used [0x00000000d6c00000,0x00000000d6c00000,0x00000000d6d00000)
 ParOldGen       total 68608K, used 47236K [0x0000000080000000, 0x0000000084300000, 0x00000000d5580000)
  object space 68608K, 68% used [0x0000000080000000,0x0000000082e21140,0x0000000084300000)
 Metaspace       used 56965K, committed 58176K, reserved 1114112K
  class space    used 6295K, committed 6848K, reserved 1048576K
}
Event: 135.776 GC heap after
{Heap after GC invocations=32 (full 2):
 PSYoungGen      total 20480K, used 1001K [0x00000000d5580000, 0x00000000d7080000, 0x0000000100000000)
  eden space 19456K, 0% used [0x00000000d5580000,0x00000000d5580000,0x00000000d6880000)
  from space 1024K, 97% used [0x00000000d6c00000,0x00000000d6cfa520,0x00000000d6d00000)
  to   space 3584K, 0% used [0x00000000d6880000,0x00000000d6880000,0x00000000d6c00000)
 ParOldGen       total 68608K, used 49020K [0x0000000080000000, 0x0000000084300000, 0x00000000d5580000)
  object space 68608K, 71% used [0x0000000080000000,0x0000000082fdf258,0x0000000084300000)
 Metaspace       used 56965K, committed 58176K, reserved 1114112K
  class space    used 6295K, committed 6848K, reserved 1048576K
}
Event: 150.489 GC heap before
{Heap before GC invocations=33 (full 2):
 PSYoungGen      total 20480K, used 20457K [0x00000000d5580000, 0x00000000d7080000, 0x0000000100000000)
  eden space 19456K, 100% used [0x00000000d5580000,0x00000000d6880000,0x00000000d6880000)
  from space 1024K, 97% used [0x00000000d6c00000,0x00000000d6cfa520,0x00000000d6d00000)
  to   space 3584K, 0% used [0x00000000d6880000,0x00000000d6880000,0x00000000d6c00000)
 ParOldGen       total 68608K, used 49020K [0x0000000080000000, 0x0000000084300000, 0x00000000d5580000)
  object space 68608K, 71% used [0x0000000080000000,0x0000000082fdf258,0x0000000084300000)
 Metaspace       used 57014K, committed 58240K, reserved 1114112K
  class space    used 6302K, committed 6848K, reserved 1048576K
}
Event: 150.496 GC heap after
{Heap after GC invocations=33 (full 2):
 PSYoungGen      total 23040K, used 3572K [0x00000000d5580000, 0x00000000d7780000, 0x0000000100000000)
  eden space 19456K, 0% used [0x00000000d5580000,0x00000000d5580000,0x00000000d6880000)
  from space 3584K, 99% used [0x00000000d6880000,0x00000000d6bfd0e8,0x00000000d6c00000)
  to   space 7680K, 0% used [0x00000000d7000000,0x00000000d7000000,0x00000000d7780000)
 ParOldGen       total 68608K, used 52300K [0x0000000080000000, 0x0000000084300000, 0x00000000d5580000)
  object space 68608K, 76% used [0x0000000080000000,0x00000000833131b0,0x0000000084300000)
 Metaspace       used 57014K, committed 58240K, reserved 1114112K
  class space    used 6302K, committed 6848K, reserved 1048576K
}
Event: 159.413 GC heap before
{Heap before GC invocations=34 (full 2):
 PSYoungGen      total 23040K, used 23028K [0x00000000d5580000, 0x00000000d7780000, 0x0000000100000000)
  eden space 19456K, 100% used [0x00000000d5580000,0x00000000d6880000,0x00000000d6880000)
  from space 3584K, 99% used [0x00000000d6880000,0x00000000d6bfd0e8,0x00000000d6c00000)
  to   space 7680K, 0% used [0x00000000d7000000,0x00000000d7000000,0x00000000d7780000)
 ParOldGen       total 68608K, used 52300K [0x0000000080000000, 0x0000000084300000, 0x00000000d5580000)
  object space 68608K, 76% used [0x0000000080000000,0x00000000833131b0,0x0000000084300000)
 Metaspace       used 57021K, committed 58240K, reserved 1114112K
  class space    used 6302K, committed 6848K, reserved 1048576K
}
Event: 159.419 GC heap after
{Heap after GC invocations=34 (full 2):
 PSYoungGen      total 21504K, used 1790K [0x00000000d5580000, 0x00000000d7200000, 0x0000000100000000)
  eden space 19456K, 0% used [0x00000000d5580000,0x00000000d5580000,0x00000000d6880000)
  from space 2048K, 87% used [0x00000000d7000000,0x00000000d71bf858,0x00000000d7200000)
  to   space 4096K, 0% used [0x00000000d6a00000,0x00000000d6a00000,0x00000000d6e00000)
 ParOldGen       total 68608K, used 55857K [0x0000000080000000, 0x0000000084300000, 0x00000000d5580000)
  object space 68608K, 81% used [0x0000000080000000,0x000000008368c628,0x0000000084300000)
 Metaspace       used 57021K, committed 58240K, reserved 1114112K
  class space    used 6302K, committed 6848K, reserved 1048576K
}
Event: 161.555 GC heap before
{Heap before GC invocations=35 (full 2):
 PSYoungGen      total 21504K, used 21246K [0x00000000d5580000, 0x00000000d7200000, 0x0000000100000000)
  eden space 19456K, 100% used [0x00000000d5580000,0x00000000d6880000,0x00000000d6880000)
  from space 2048K, 87% used [0x00000000d7000000,0x00000000d71bf858,0x00000000d7200000)
  to   space 4096K, 0% used [0x00000000d6a00000,0x00000000d6a00000,0x00000000d6e00000)
 ParOldGen       total 68608K, used 55857K [0x0000000080000000, 0x0000000084300000, 0x00000000d5580000)
  object space 68608K, 81% used [0x0000000080000000,0x000000008368c628,0x0000000084300000)
 Metaspace       used 57198K, committed 58496K, reserved 1114112K
  class space    used 6312K, committed 6848K, reserved 1048576K
}
Event: 161.560 GC heap after
{Heap after GC invocations=35 (full 2):
 PSYoungGen      total 23552K, used 4093K [0x00000000d5580000, 0x00000000d7b80000, 0x0000000100000000)
  eden space 19456K, 0% used [0x00000000d5580000,0x00000000d5580000,0x00000000d6880000)
  from space 4096K, 99% used [0x00000000d6a00000,0x00000000d6dff520,0x00000000d6e00000)
  to   space 9728K, 0% used [0x00000000d7200000,0x00000000d7200000,0x00000000d7b80000)
 ParOldGen       total 68608K, used 60144K [0x0000000080000000, 0x0000000084300000, 0x00000000d5580000)
  object space 68608K, 87% used [0x0000000080000000,0x0000000083abc3c8,0x0000000084300000)
 Metaspace       used 57198K, committed 58496K, reserved 1114112K
  class space    used 6312K, committed 6848K, reserved 1048576K
}
Event: 170.882 GC heap before
{Heap before GC invocations=36 (full 2):
 PSYoungGen      total 23552K, used 23549K [0x00000000d5580000, 0x00000000d7b80000, 0x0000000100000000)
  eden space 19456K, 100% used [0x00000000d5580000,0x00000000d6880000,0x00000000d6880000)
  from space 4096K, 99% used [0x00000000d6a00000,0x00000000d6dff520,0x00000000d6e00000)
  to   space 9728K, 0% used [0x00000000d7200000,0x00000000d7200000,0x00000000d7b80000)
 ParOldGen       total 68608K, used 60144K [0x0000000080000000, 0x0000000084300000, 0x00000000d5580000)
  object space 68608K, 87% used [0x0000000080000000,0x0000000083abc3c8,0x0000000084300000)
 Metaspace       used 57213K, committed 58496K, reserved 1114112K
  class space    used 6312K, committed 6848K, reserved 1048576K
}
Event: 170.888 GC heap after
{Heap after GC invocations=36 (full 2):
 PSYoungGen      total 24576K, used 4704K [0x00000000d5580000, 0x00000000d7700000, 0x0000000100000000)
  eden space 19456K, 0% used [0x00000000d5580000,0x00000000d5580000,0x00000000d6880000)
  from space 5120K, 91% used [0x00000000d7200000,0x00000000d76980d8,0x00000000d7700000)
  to   space 6144K, 0% used [0x00000000d6b00000,0x00000000d6b00000,0x00000000d7100000)
 ParOldGen       total 68608K, used 64193K [0x0000000080000000, 0x0000000084300000, 0x00000000d5580000)
  object space 68608K, 93% used [0x0000000080000000,0x0000000083eb0560,0x0000000084300000)
 Metaspace       used 57213K, committed 58496K, reserved 1114112K
  class space    used 6312K, committed 6848K, reserved 1048576K
}
Event: 173.186 GC heap before
{Heap before GC invocations=37 (full 2):
 PSYoungGen      total 24576K, used 24160K [0x00000000d5580000, 0x00000000d7700000, 0x0000000100000000)
  eden space 19456K, 100% used [0x00000000d5580000,0x00000000d6880000,0x00000000d6880000)
  from space 5120K, 91% used [0x00000000d7200000,0x00000000d76980d8,0x00000000d7700000)
  to   space 6144K, 0% used [0x00000000d6b00000,0x00000000d6b00000,0x00000000d7100000)
 ParOldGen       total 68608K, used 64193K [0x0000000080000000, 0x0000000084300000, 0x00000000d5580000)
  object space 68608K, 93% used [0x0000000080000000,0x0000000083eb0560,0x0000000084300000)
 Metaspace       used 57967K, committed 59264K, reserved 1114112K
  class space    used 6437K, committed 6976K, reserved 1048576K
}
Event: 173.192 GC heap after
{Heap after GC invocations=37 (full 2):
 PSYoungGen      total 23040K, used 3086K [0x00000000d5580000, 0x00000000d7280000, 0x0000000100000000)
  eden space 19456K, 0% used [0x00000000d5580000,0x00000000d5580000,0x00000000d6880000)
  from space 3584K, 86% used [0x00000000d6b00000,0x00000000d6e03bd0,0x00000000d6e80000)
  to   space 4096K, 0% used [0x00000000d6e80000,0x00000000d6e80000,0x00000000d7280000)
 ParOldGen       total 68608K, used 68586K [0x0000000080000000, 0x0000000084300000, 0x00000000d5580000)
  object space 68608K, 99% used [0x0000000080000000,0x00000000842fab70,0x0000000084300000)
 Metaspace       used 57967K, committed 59264K, reserved 1114112K
  class space    used 6437K, committed 6976K, reserved 1048576K
}
Event: 174.434 GC heap before
{Heap before GC invocations=38 (full 2):
 PSYoungGen      total 23040K, used 10055K [0x00000000d5580000, 0x00000000d7280000, 0x0000000100000000)
  eden space 19456K, 35% used [0x00000000d5580000,0x00000000d5c4e190,0x00000000d6880000)
  from space 3584K, 86% used [0x00000000d6b00000,0x00000000d6e03bd0,0x00000000d6e80000)
  to   space 4096K, 0% used [0x00000000d6e80000,0x00000000d6e80000,0x00000000d7280000)
 ParOldGen       total 68608K, used 68586K [0x0000000080000000, 0x0000000084300000, 0x00000000d5580000)
  object space 68608K, 99% used [0x0000000080000000,0x00000000842fab70,0x0000000084300000)
 Metaspace       used 58531K, committed 59776K, reserved 1114112K
  class space    used 6548K, committed 7104K, reserved 1048576K
}
Event: 174.438 GC heap after
{Heap after GC invocations=38 (full 2):
 PSYoungGen      total 19968K, used 352K [0x00000000d5580000, 0x00000000d6f00000, 0x0000000100000000)
  eden space 19456K, 0% used [0x00000000d5580000,0x00000000d5580000,0x00000000d6880000)
  from space 512K, 68% used [0x00000000d6e80000,0x00000000d6ed8000,0x00000000d6f00000)
  to   space 1536K, 0% used [0x00000000d6c00000,0x00000000d6c00000,0x00000000d6d80000)
 ParOldGen       total 71680K, used 71477K [0x0000000080000000, 0x0000000084600000, 0x00000000d5580000)
  object space 71680K, 99% used [0x0000000080000000,0x00000000845cd4e8,0x0000000084600000)
 Metaspace       used 58531K, committed 59776K, reserved 1114112K
  class space    used 6548K, committed 7104K, reserved 1048576K
}
Event: 174.438 GC heap before
{Heap before GC invocations=39 (full 3):
 PSYoungGen      total 19968K, used 352K [0x00000000d5580000, 0x00000000d6f00000, 0x0000000100000000)
  eden space 19456K, 0% used [0x00000000d5580000,0x00000000d5580000,0x00000000d6880000)
  from space 512K, 68% used [0x00000000d6e80000,0x00000000d6ed8000,0x00000000d6f00000)
  to   space 1536K, 0% used [0x00000000d6c00000,0x00000000d6c00000,0x00000000d6d80000)
 ParOldGen       total 71680K, used 71477K [0x0000000080000000, 0x0000000084600000, 0x00000000d5580000)
  object space 71680K, 99% used [0x0000000080000000,0x00000000845cd4e8,0x0000000084600000)
 Metaspace       used 58531K, committed 59776K, reserved 1114112K
  class space    used 6548K, committed 7104K, reserved 1048576K
}
Event: 174.604 GC heap after
{Heap after GC invocations=39 (full 3):
 PSYoungGen      total 19968K, used 0K [0x00000000d5580000, 0x00000000d6f00000, 0x0000000100000000)
  eden space 19456K, 0% used [0x00000000d5580000,0x00000000d5580000,0x00000000d6880000)
  from space 512K, 0% used [0x00000000d6e80000,0x00000000d6e80000,0x00000000d6f00000)
  to   space 1536K, 0% used [0x00000000d6c00000,0x00000000d6c00000,0x00000000d6d80000)
 ParOldGen       total 71680K, used 60065K [0x0000000080000000, 0x0000000084600000, 0x00000000d5580000)
  object space 71680K, 83% used [0x0000000080000000,0x0000000083aa87a8,0x0000000084600000)
 Metaspace       used 58531K, committed 59776K, reserved 1114112K
  class space    used 6548K, committed 7104K, reserved 1048576K
}
Event: 180.647 GC heap before
{Heap before GC invocations=40 (full 3):
 PSYoungGen      total 19968K, used 19456K [0x00000000d5580000, 0x00000000d6f00000, 0x0000000100000000)
  eden space 19456K, 100% used [0x00000000d5580000,0x00000000d6880000,0x00000000d6880000)
  from space 512K, 0% used [0x00000000d6e80000,0x00000000d6e80000,0x00000000d6f00000)
  to   space 1536K, 0% used [0x00000000d6c00000,0x00000000d6c00000,0x00000000d6d80000)
 ParOldGen       total 71680K, used 60065K [0x0000000080000000, 0x0000000084600000, 0x00000000d5580000)
  object space 71680K, 83% used [0x0000000080000000,0x0000000083aa87a8,0x0000000084600000)
 Metaspace       used 59350K, committed 60608K, reserved 1114112K
  class space    used 6686K, committed 7232K, reserved 1048576K
}
Event: 180.652 GC heap after
{Heap after GC invocations=40 (full 3):
 PSYoungGen      total 20992K, used 1510K [0x00000000d5580000, 0x00000000d6f00000, 0x0000000100000000)
  eden space 19456K, 0% used [0x00000000d5580000,0x00000000d5580000,0x00000000d6880000)
  from space 1536K, 98% used [0x00000000d6c00000,0x00000000d6d79920,0x00000000d6d80000)
  to   space 1536K, 0% used [0x00000000d6d80000,0x00000000d6d80000,0x00000000d6f00000)
 ParOldGen       total 71680K, used 60145K [0x0000000080000000, 0x0000000084600000, 0x00000000d5580000)
  object space 71680K, 83% used [0x0000000080000000,0x0000000083abc7a8,0x0000000084600000)
 Metaspace       used 59350K, committed 60608K, reserved 1114112K
  class space    used 6686K, committed 7232K, reserved 1048576K
}

