# JRE version: OpenJDK Runtime Environment Temurin-21.0.10+7 (21.0.10+7) (build 21.0.10+7-LTS)
# Java VM: OpenJDK 64-Bit Server VM Temurin-21.0.10+7 (21.0.10+7-LTS, mixed mode, sharing, tiered, compressed oops, compressed class ptrs, parallel gc, windows-amd64)
GC Precious Log:
 CardTable entry size: 512
 CPUs: 4 total, 4 available
 Memory: 8039M
 Large Page Support: Disabled
 NUMA Support: Disabled
 Compressed Oops: Enabled (32-bit)
 Alignments: Space 512K, Generation 512K, Heap 2M
 Heap Min Capacity: 100M
 Heap Initial Capacity: 100M
 Heap Max Capacity: 2G
 Pre-touch: Disabled
 Parallel Workers: 4
Heap:
 PSYoungGen      total 22528K, used 13386K [0x00000000d5580000, 0x00000000d6f00000, 0x0000000100000000)
  eden space 21504K, 57% used [0x00000000d5580000,0x00000000d6197c20,0x00000000d6a80000)
  from space 1024K, 97% used [0x00000000d6e00000,0x00000000d6efad18,0x00000000d6f00000)
  to   space 1536K, 0% used [0x00000000d6c00000,0x00000000d6c00000,0x00000000d6d80000)
 ParOldGen       total 68608K, used 30119K [0x0000000080000000, 0x0000000084300000, 0x00000000d5580000)
  object space 68608K, 43% used [0x0000000080000000,0x0000000081d69db8,0x0000000084300000)
 Metaspace       used 52718K, committed 53824K, reserved 1114112K
  class space    used 5840K, committed 6336K, reserved 1048576K
GC Heap History (20 events):
Event: 28.487 GC heap before
{Heap before GC invocations=19 (full 2):
 PSYoungGen      total 23552K, used 23400K [0x00000000d5580000, 0x00000000d7080000, 0x0000000100000000)
  eden space 22016K, 99% used [0x00000000d5580000,0x00000000d6af2320,0x00000000d6b00000)
  from space 1536K, 93% used [0x00000000d6f00000,0x00000000d7068000,0x00000000d7080000)
  to   space 1536K, 0% used [0x00000000d6d80000,0x00000000d6d80000,0x00000000d6f00000)
 ParOldGen       total 68608K, used 19900K [0x0000000080000000, 0x0000000084300000, 0x00000000d5580000)
  object space 68608K, 29% used [0x0000000080000000,0x000000008136f1a8,0x0000000084300000)
 Metaspace       used 45623K, committed 46720K, reserved 1114112K
  class space    used 4978K, committed 5440K, reserved 1048576K
}
Event: 28.492 GC heap after
{Heap after GC invocations=19 (full 2):
 PSYoungGen      total 23552K, used 1496K [0x00000000d5580000, 0x00000000d6f80000, 0x0000000100000000)
  eden space 22016K, 0% used [0x00000000d5580000,0x00000000d5580000,0x00000000d6b00000)
  from space 1536K, 97% used [0x00000000d6d80000,0x00000000d6ef6110,0x00000000d6f00000)
  to   space 512K, 0% used [0x00000000d6f00000,0x00000000d6f00000,0x00000000d6f80000)
 ParOldGen       total 68608K, used 21136K [0x0000000080000000, 0x0000000084300000, 0x00000000d5580000)
  object space 68608K, 30% used [0x0000000080000000,0x00000000814a41c8,0x0000000084300000)
 Metaspace       used 45623K, committed 46720K, reserved 1114112K
  class space    used 4978K, committed 5440K, reserved 1048576K
}
Event: 31.577 GC heap before
{Heap before GC invocations=20 (full 2):
 PSYoungGen      total 23552K, used 23512K [0x00000000d5580000, 0x00000000d6f80000, 0x0000000100000000)
  eden space 22016K, 100% used [0x00000000d5580000,0x00000000d6b00000,0x00000000d6b00000)
  from space 1536K, 97% used [0x00000000d6d80000,0x00000000d6ef6110,0x00000000d6f00000)
  to   space 512K, 0% used [0x00000000d6f00000,0x00000000d6f00000,0x00000000d6f80000)
 ParOldGen       total 68608K, used 21136K [0x0000000080000000, 0x0000000084300000, 0x00000000d5580000)
  object space 68608K, 30% used [0x0000000080000000,0x00000000814a41c8,0x0000000084300000)
 Metaspace       used 47271K, committed 48320K, reserved 1114112K
  class space    used 5144K, committed 5632K, reserved 1048576K
}
Event: 31.588 GC heap after
{Heap after GC invocations=20 (full 2):
 PSYoungGen      total 22528K, used 492K [0x00000000d5580000, 0x00000000d7200000, 0x0000000100000000)
  eden space 22016K, 0% used [0x00000000d5580000,0x00000000d5580000,0x00000000d6b00000)
  from space 512K, 96% used [0x00000000d6f00000,0x00000000d6f7b090,0x00000000d6f80000)
  to   space 3584K, 0% used [0x00000000d6b00000,0x00000000d6b00000,0x00000000d6e80000)
 ParOldGen       total 68608K, used 23850K [0x0000000080000000, 0x0000000084300000, 0x00000000d5580000)
  object space 68608K, 34% used [0x0000000080000000,0x000000008174a948,0x0000000084300000)
 Metaspace       used 47271K, committed 48320K, reserved 1114112K
  class space    used 5144K, committed 5632K, reserved 1048576K
}
Event: 32.044 GC heap before
{Heap before GC invocations=21 (full 2):
 PSYoungGen      total 22528K, used 22508K [0x00000000d5580000, 0x00000000d7200000, 0x0000000100000000)
  eden space 22016K, 100% used [0x00000000d5580000,0x00000000d6b00000,0x00000000d6b00000)
  from space 512K, 96% used [0x00000000d6f00000,0x00000000d6f7b090,0x00000000d6f80000)
  to   space 3584K, 0% used [0x00000000d6b00000,0x00000000d6b00000,0x00000000d6e80000)
 ParOldGen       total 68608K, used 23850K [0x0000000080000000, 0x0000000084300000, 0x00000000d5580000)
  object space 68608K, 34% used [0x0000000080000000,0x000000008174a948,0x0000000084300000)
 Metaspace       used 47455K, committed 48512K, reserved 1114112K
  class space    used 5150K, committed 5632K, reserved 1048576K
}
Event: 32.054 GC heap after
{Heap after GC invocations=21 (full 2):
 PSYoungGen      total 25600K, used 3568K [0x00000000d5580000, 0x00000000d7b00000, 0x0000000100000000)
  eden space 22016K, 0% used [0x00000000d5580000,0x00000000d5580000,0x00000000d6b00000)
  from space 3584K, 99% used [0x00000000d6b00000,0x00000000d6e7c018,0x00000000d6e80000)
  to   space 8192K, 0% used [0x00000000d7300000,0x00000000d7300000,0x00000000d7b00000)
 ParOldGen       total 68608K, used 27367K [0x0000000080000000, 0x0000000084300000, 0x00000000d5580000)
  object space 68608K, 39% used [0x0000000080000000,0x0000000081ab9f98,0x0000000084300000)
 Metaspace       used 47455K, committed 48512K, reserved 1114112K
  class space    used 5150K, committed 5632K, reserved 1048576K
}
Event: 32.202 GC heap before
{Heap before GC invocations=22 (full 2):
 PSYoungGen      total 25600K, used 25584K [0x00000000d5580000, 0x00000000d7b00000, 0x0000000100000000)
  eden space 22016K, 100% used [0x00000000d5580000,0x00000000d6b00000,0x00000000d6b00000)
  from space 3584K, 99% used [0x00000000d6b00000,0x00000000d6e7c018,0x00000000d6e80000)
  to   space 8192K, 0% used [0x00000000d7300000,0x00000000d7300000,0x00000000d7b00000)
 ParOldGen       total 68608K, used 27367K [0x0000000080000000, 0x0000000084300000, 0x00000000d5580000)
  object space 68608K, 39% used [0x0000000080000000,0x0000000081ab9f98,0x0000000084300000)
 Metaspace       used 47475K, committed 48512K, reserved 1114112K
  class space    used 5152K, committed 5632K, reserved 1048576K
}
Event: 32.211 GC heap after
{Heap after GC invocations=22 (full 2):
 PSYoungGen      total 29696K, used 7904K [0x00000000d5580000, 0x00000000d7c00000, 0x0000000100000000)
  eden space 21504K, 0% used [0x00000000d5580000,0x00000000d5580000,0x00000000d6a80000)
  from space 8192K, 96% used [0x00000000d7300000,0x00000000d7ab8030,0x00000000d7b00000)
  to   space 8704K, 0% used [0x00000000d6a80000,0x00000000d6a80000,0x00000000d7300000)
 ParOldGen       total 68608K, used 27931K [0x0000000080000000, 0x0000000084300000, 0x00000000d5580000)
  object space 68608K, 40% used [0x0000000080000000,0x0000000081b46fe0,0x0000000084300000)
 Metaspace       used 47475K, committed 48512K, reserved 1114112K
  class space    used 5152K, committed 5632K, reserved 1048576K
}
Event: 32.318 GC heap before
{Heap before GC invocations=23 (full 2):
 PSYoungGen      total 29696K, used 29408K [0x00000000d5580000, 0x00000000d7c00000, 0x0000000100000000)
  eden space 21504K, 100% used [0x00000000d5580000,0x00000000d6a80000,0x00000000d6a80000)
  from space 8192K, 96% used [0x00000000d7300000,0x00000000d7ab8030,0x00000000d7b00000)
  to   space 8704K, 0% used [0x00000000d6a80000,0x00000000d6a80000,0x00000000d7300000)
 ParOldGen       total 68608K, used 27931K [0x0000000080000000, 0x0000000084300000, 0x00000000d5580000)
  object space 68608K, 40% used [0x0000000080000000,0x0000000081b46fe0,0x0000000084300000)
 Metaspace       used 47477K, committed 48512K, reserved 1114112K
  class space    used 5152K, committed 5632K, reserved 1048576K
}
Event: 32.322 GC heap after
{Heap after GC invocations=23 (full 2):
 PSYoungGen      total 25088K, used 3568K [0x00000000d5580000, 0x00000000d7580000, 0x0000000100000000)
  eden space 21504K, 0% used [0x00000000d5580000,0x00000000d5580000,0x00000000d6a80000)
  from space 3584K, 99% used [0x00000000d6a80000,0x00000000d6dfc018,0x00000000d6e00000)
  to   space 5632K, 0% used [0x00000000d7000000,0x00000000d7000000,0x00000000d7580000)
 ParOldGen       total 68608K, used 28864K [0x0000000080000000, 0x0000000084300000, 0x00000000d5580000)
  object space 68608K, 42% used [0x0000000080000000,0x0000000081c30028,0x0000000084300000)
 Metaspace       used 47477K, committed 48512K, reserved 1114112K
  class space    used 5152K, committed 5632K, reserved 1048576K
}
Event: 32.499 GC heap before
{Heap before GC invocations=24 (full 2):
 PSYoungGen      total 25088K, used 25072K [0x00000000d5580000, 0x00000000d7580000, 0x0000000100000000)
  eden space 21504K, 100% used [0x00000000d5580000,0x00000000d6a80000,0x00000000d6a80000)
  from space 3584K, 99% used [0x00000000d6a80000,0x00000000d6dfc018,0x00000000d6e00000)
  to   space 5632K, 0% used [0x00000000d7000000,0x00000000d7000000,0x00000000d7580000)
 ParOldGen       total 68608K, used 28864K [0x0000000080000000, 0x0000000084300000, 0x00000000d5580000)
  object space 68608K, 42% used [0x0000000080000000,0x0000000081c30028,0x0000000084300000)
 Metaspace       used 47483K, committed 48576K, reserved 1114112K
  class space    used 5152K, committed 5632K, reserved 1048576K
}
Event: 32.504 GC heap after
{Heap after GC invocations=24 (full 2):
 PSYoungGen      total 26112K, used 4176K [0x00000000d5580000, 0x00000000d7480000, 0x0000000100000000)
  eden space 21504K, 0% used [0x00000000d5580000,0x00000000d5580000,0x00000000d6a80000)
  from space 4608K, 90% used [0x00000000d7000000,0x00000000d7414018,0x00000000d7480000)
  to   space 4608K, 0% used [0x00000000d6b80000,0x00000000d6b80000,0x00000000d7000000)
 ParOldGen       total 68608K, used 28920K [0x0000000080000000, 0x0000000084300000, 0x00000000d5580000)
  object space 68608K, 42% used [0x0000000080000000,0x0000000081c3e028,0x0000000084300000)
 Metaspace       used 47483K, committed 48576K, reserved 1114112K
  class space    used 5152K, committed 5632K, reserved 1048576K
}
Event: 32.608 GC heap before
{Heap before GC invocations=25 (full 2):
 PSYoungGen      total 26112K, used 25680K [0x00000000d5580000, 0x00000000d7480000, 0x0000000100000000)
  eden space 21504K, 100% used [0x00000000d5580000,0x00000000d6a80000,0x00000000d6a80000)
  from space 4608K, 90% used [0x00000000d7000000,0x00000000d7414018,0x00000000d7480000)
  to   space 4608K, 0% used [0x00000000d6b80000,0x00000000d6b80000,0x00000000d7000000)
 ParOldGen       total 68608K, used 28920K [0x0000000080000000, 0x0000000084300000, 0x00000000d5580000)
  object space 68608K, 42% used [0x0000000080000000,0x0000000081c3e028,0x0000000084300000)
 Metaspace       used 47509K, committed 48576K, reserved 1114112K
  class space    used 5156K, committed 5632K, reserved 1048576K
}
Event: 32.610 GC heap after
{Heap after GC invocations=25 (full 2):
 PSYoungGen      total 22016K, used 352K [0x00000000d5580000, 0x00000000d7080000, 0x0000000100000000)
  eden space 21504K, 0% used [0x00000000d5580000,0x00000000d5580000,0x00000000d6a80000)
  from space 512K, 68% used [0x00000000d6b80000,0x00000000d6bd8000,0x00000000d6c00000)
  to   space 2048K, 0% used [0x00000000d6e80000,0x00000000d6e80000,0x00000000d7080000)
 ParOldGen       total 68608K, used 28944K [0x0000000080000000, 0x0000000084300000, 0x00000000d5580000)
  object space 68608K, 42% used [0x0000000080000000,0x0000000081c44028,0x0000000084300000)
 Metaspace       used 47509K, committed 48576K, reserved 1114112K
  class space    used 5156K, committed 5632K, reserved 1048576K
}
Event: 32.822 GC heap before
{Heap before GC invocations=26 (full 2):
 PSYoungGen      total 22016K, used 21855K [0x00000000d5580000, 0x00000000d7080000, 0x0000000100000000)
  eden space 21504K, 99% used [0x00000000d5580000,0x00000000d6a7fff8,0x00000000d6a80000)
  from space 512K, 68% used [0x00000000d6b80000,0x00000000d6bd8000,0x00000000d6c00000)
  to   space 2048K, 0% used [0x00000000d6e80000,0x00000000d6e80000,0x00000000d7080000)
 ParOldGen       total 68608K, used 28944K [0x0000000080000000, 0x0000000084300000, 0x00000000d5580000)
  object space 68608K, 42% used [0x0000000080000000,0x0000000081c44028,0x0000000084300000)
 Metaspace       used 47577K, committed 48640K, reserved 1114112K
  class space    used 5156K, committed 5632K, reserved 1048576K
}
Event: 32.826 GC heap after
{Heap after GC invocations=26 (full 2):
 PSYoungGen      total 23040K, used 1376K [0x00000000d5580000, 0x00000000d7000000, 0x0000000100000000)
  eden space 21504K, 0% used [0x00000000d5580000,0x00000000d5580000,0x00000000d6a80000)
  from space 1536K, 89% used [0x00000000d6e80000,0x00000000d6fd8000,0x00000000d7000000)
  to   space 2048K, 0% used [0x00000000d6c00000,0x00000000d6c00000,0x00000000d6e00000)
 ParOldGen       total 68608K, used 29176K [0x0000000080000000, 0x0000000084300000, 0x00000000d5580000)
  object space 68608K, 42% used [0x0000000080000000,0x0000000081c7e028,0x0000000084300000)
 Metaspace       used 47577K, committed 48640K, reserved 1114112K
  class space    used 5156K, committed 5632K, reserved 1048576K
}
Event: 36.783 GC heap before
{Heap before GC invocations=27 (full 2):
 PSYoungGen      total 23040K, used 22814K [0x00000000d5580000, 0x00000000d7000000, 0x0000000100000000)
  eden space 21504K, 99% used [0x00000000d5580000,0x00000000d6a6fbc0,0x00000000d6a80000)
  from space 1536K, 89% used [0x00000000d6e80000,0x00000000d6fd8000,0x00000000d7000000)
  to   space 2048K, 0% used [0x00000000d6c00000,0x00000000d6c00000,0x00000000d6e00000)
 ParOldGen       total 68608K, used 29176K [0x0000000080000000, 0x0000000084300000, 0x00000000d5580000)
  object space 68608K, 42% used [0x0000000080000000,0x0000000081c7e028,0x0000000084300000)
 Metaspace       used 48759K, committed 49920K, reserved 1114112K
  class space    used 5272K, committed 5760K, reserved 1048576K
}
Event: 36.786 GC heap after
{Heap after GC invocations=27 (full 2):
 PSYoungGen      total 23552K, used 794K [0x00000000d5580000, 0x00000000d6f00000, 0x0000000100000000)
  eden space 21504K, 0% used [0x00000000d5580000,0x00000000d5580000,0x00000000d6a80000)
  from space 2048K, 38% used [0x00000000d6c00000,0x00000000d6cc6960,0x00000000d6e00000)
  to   space 1024K, 0% used [0x00000000d6e00000,0x00000000d6e00000,0x00000000d6f00000)
 ParOldGen       total 68608K, used 29376K [0x0000000080000000, 0x0000000084300000, 0x00000000d5580000)
  object space 68608K, 42% used [0x0000000080000000,0x0000000081cb0028,0x0000000084300000)
 Metaspace       used 48759K, committed 49920K, reserved 1114112K
  class space    used 5272K, committed 5760K, reserved 1048576K
}
Event: 38.618 GC heap before
{Heap before GC invocations=28 (full 2):
 PSYoungGen      total 23552K, used 22298K [0x00000000d5580000, 0x00000000d6f00000, 0x0000000100000000)
  eden space 21504K, 100% used [0x00000000d5580000,0x00000000d6a80000,0x00000000d6a80000)
  from space 2048K, 38% used [0x00000000d6c00000,0x00000000d6cc6960,0x00000000d6e00000)
  to   space 1024K, 0% used [0x00000000d6e00000,0x00000000d6e00000,0x00000000d6f00000)
 ParOldGen       total 68608K, used 29376K [0x0000000080000000, 0x0000000084300000, 0x00000000d5580000)
  object space 68608K, 42% used [0x0000000080000000,0x0000000081cb0028,0x0000000084300000)
 Metaspace       used 51447K, committed 52608K, reserved 1114112K
  class space    used 5709K, committed 6208K, reserved 1048576K
}
Event: 38.621 GC heap after
{Heap after GC invocations=28 (full 2):
 PSYoungGen      total 22528K, used 1003K [0x00000000d5580000, 0x00000000d6f00000, 0x0000000100000000)
  eden space 21504K, 0% used [0x00000000d5580000,0x00000000d5580000,0x00000000d6a80000)
  from space 1024K, 97% used [0x00000000d6e00000,0x00000000d6efad18,0x00000000d6f00000)
  to   space 1536K, 0% used [0x00000000d6c00000,0x00000000d6c00000,0x00000000d6d80000)
 ParOldGen       total 68608K, used 30119K [0x0000000080000000, 0x0000000084300000, 0x00000000d5580000)
  object space 68608K, 43% used [0x0000000080000000,0x0000000081d69db8,0x0000000084300000)
 Metaspace       used 51447K, committed 52608K, reserved 1114112K
  class space    used 5709K, committed 6208K, reserved 1048576K
}

